<?xml version="1.0" encoding="UTF-8"?>
<!-- Generated by org.testng.reporters.JUnitReportReporter -->
<testsuite hostname="DESKTOP-8BUMFP7" failures="0" tests="3" name="testNGpractice.Loginsuite" time="14.004" errors="0" timestamp="2022-05-26T12:02:34 IST" skipped="0">
  <testcase classname="testNGpractice.Loginsuite" name="testcase2" time="5.408"/>
  <system-out/>
  <testcase classname="testNGpractice.Loginsuite" name="testcase3" time="4.030"/>
  <system-out/>
  <testcase classname="testNGpractice.Loginsuite" name="testcase1" time="4.566"/>
  <system-out/>
</testsuite> <!-- testNGpractice.Loginsuite -->
