<?xml version="1.0" encoding="UTF-8"?>
<!-- Generated by org.testng.reporters.JUnitReportReporter -->
<testsuite hostname="DESKTOP-8BUMFP7" failures="0" tests="3" name="testNGpractice.Loginsuite" time="15.519" errors="0" timestamp="2022-06-01T19:27:13 IST" skipped="0">
  <testcase classname="testNGpractice.Loginsuite" name="testcase2" time="5.209"/>
  <system-out/>
  <testcase classname="testNGpractice.Loginsuite" name="testcase1" time="4.086"/>
  <system-out/>
  <testcase classname="testNGpractice.Loginsuite" name="testcase3" time="6.224"/>
  <system-out/>
</testsuite> <!-- testNGpractice.Loginsuite -->
