<?xml version="1.0" encoding="UTF-8"?>
<!-- Generated by org.testng.reporters.JUnitReportReporter -->
<testsuite hostname="DESKTOP-8BUMFP7" failures="0" tests="2" name="testNGpractice.Parallelbrowsing" time="22.062" errors="0" timestamp="2022-06-03T13:02:13 IST" skipped="0">
  <testcase classname="testNGpractice.Parallelbrowsing" name="Gchrome" time="8.030"/>
  <system-out/>
  <testcase classname="testNGpractice.Parallelbrowsing" name="firefox" time="14.032"/>
  <system-out/>
</testsuite> <!-- testNGpractice.Parallelbrowsing -->
