<?xml version="1.0" encoding="UTF-8"?>
<!-- Generated by org.testng.reporters.JUnitReportReporter -->
<testsuite hostname="DESKTOP-8BUMFP7" failures="0" tests="8" name="testNGpractice.Regressionsuite" time="33.864" errors="0" timestamp="2022-05-31T14:54:24 IST" skipped="1">
  <testcase classname="testNGpractice.Regressionsuite" name="testcase1" time="4.124"/>
  <system-out/>
  <testcase classname="testNGpractice.Regressionsuite" name="testcase2" time="5.287"/>
  <system-out/>
  <testcase classname="testNGpractice.Regressionsuite" name="testcase3" time="5.087"/>
  <system-out/>
  <testcase classname="testNGpractice.Regressionsuite" name="testcase5" time="5.284"/>
  <system-out/>
  <testcase classname="testNGpractice.Regressionsuite" name="testcase6" time="4.561"/>
  <system-out/>
  <testcase classname="testNGpractice.Regressionsuite" name="testcase7" time="5.067"/>
  <system-out/>
  <testcase classname="testNGpractice.Regressionsuite" name="testcase10" time="4.454"/>
  <system-out/>
  <testcase classname="testNGpractice.Regressionsuite" name="testcase8">
    <skipped/>
  </testcase> <!-- testcase8 -->
  <system-out/>
</testsuite> <!-- testNGpractice.Regressionsuite -->
