<?xml version="1.0" encoding="UTF-8"?>
<!-- Generated by org.testng.reporters.JUnitReportReporter -->
<testsuite hostname="DESKTOP-8BUMFP7" failures="0" tests="1" name="testNGpractice.Loginsuite" time="6.989" errors="0" timestamp="2022-05-25T19:41:46 IST" skipped="0">
  <testcase classname="testNGpractice.Loginsuite" name="testcase1" time="6.989"/>
  <system-out/>
</testsuite> <!-- testNGpractice.Loginsuite -->
