<?xml version="1.0" encoding="UTF-8"?>
<!-- Generated by org.testng.reporters.JUnitReportReporter -->
<testsuite hostname="DESKTOP-8BUMFP7" failures="0" tests="2" name="testNGpractice.Cbrtesting" time="25.345" errors="0" timestamp="2022-06-02T19:59:53 IST" skipped="0">
  <testcase classname="testNGpractice.Cbrtesting" name="CrB" time="17.340"/>
  <system-out/>
  <testcase classname="testNGpractice.Cbrtesting" name="CrB" time="8.005"/>
  <system-out/>
</testsuite> <!-- testNGpractice.Cbrtesting -->
